Success (16):
group 25 _e-0000e21d-e05a-8000-7d4f-011e94011e94_61 "EAP All Users"
group 26 _e-0000e255-ca76-8000-23f0-011e94011e94_56 "testGrp"
content 6759 _a-0000e21d-e06a-8000-7d53-01ef9001ef90_48676 "Environmental Activity Permits"
content 6760 _a-0000e21d-e06a-8000-7d53-01ef9001ef90_48681 "EAP_getUsername"
content 6761 _a-0000e255-ca76-8000-23f0-01ef9001ef90_31523 "trialInterface"
content 6762 _a-0000e255-ca76-8000-23f0-01ef9001ef90_31545 "Interface2"
content 7048 _a-0000e255-ca76-8000-23f0-01ef9001ef90_33392 "EAP_getAddressDetails"
content 6764 _a-0000e268-07ce-8000-23f0-01ef9001ef90_31015 "EAP_uiSectionCustomerInfo"
content 7187 _a-0000e255-ca76-8000-23f0-01ef9001ef90_40957 "EAP_ETst1"
content 7315 _a-0000e255-ca76-8000-23f0-01ef9001ef90_40963 "EAP_TEst2"
content 7302 _a-0000e255-ca76-8000-23f0-01ef9001ef90_42152 "EAP_NewInterface"
content 7287 _a-0000e2cb-d2c4-8000-23f0-01ef9001ef90_44179 "EAP_NEW_OBJECT"
processModelFolder 9 _g-0000e255-ca76-8000-23f0-014d98014d98_22 "EAP PM"
processModel 647 0002e287-8d74-8000-23f0-014d98014d98 "EAP_Test"
application 6674 _a-0000e21d-e06a-8000-7d53-01ef9001ef90_48669 "Environmental Activity Permits"
site 7 76485dcd-ab19-4e15-a3e5-a04001b12bd1 "Customer"

Referenced precedents that were not exported (1):
user kiranj kiranj

Trace:
2019-07-22 12:46:54.751 DEBUG application 6674 _a-0000e21d-e06a-8000-7d53-01ef9001ef90_48669 Begin transport.
2019-07-22 12:46:54.751 DEBUG application 6674 _a-0000e21d-e06a-8000-7d53-01ef9001ef90_48669 Retrieving object data.
2019-07-22 12:46:54.755 DEBUG application 6674 _a-0000e21d-e06a-8000-7d53-01ef9001ef90_48669 App associated objects: [group=[_e-0000e21d-e05a-8000-7d4f-011e94011e94_61, _e-0000e255-ca76-8000-23f0-011e94011e94_56],content=[_a-0000e21d-e06a-8000-7d53-01ef9001ef90_48676, _a-0000e21d-e06a-8000-7d53-01ef9001ef90_48681, _a-0000e255-ca76-8000-23f0-01ef9001ef90_31523, _a-0000e255-ca76-8000-23f0-01ef9001ef90_31545, _a-0000e255-ca76-8000-23f0-01ef9001ef90_33392, _a-0000e268-07ce-8000-23f0-01ef9001ef90_31015, _a-0000e255-ca76-8000-23f0-01ef9001ef90_40957, _a-0000e255-ca76-8000-23f0-01ef9001ef90_40963, _a-0000e255-ca76-8000-23f0-01ef9001ef90_41370, _a-0000e255-ca76-8000-23f0-01ef9001ef90_41376, _a-0000e255-ca76-8000-23f0-01ef9001ef90_41382, _a-0000e255-ca76-8000-23f0-01ef9001ef90_41422, _a-0000e255-ca76-8000-23f0-01ef9001ef90_42152, _a-0000e2cb-d2c4-8000-23f0-01ef9001ef90_44179],processModelFolder=[_g-0000e255-ca76-8000-23f0-014d98014d98_22],processModel=[0002e287-8d74-8000-23f0-014d98014d98],site=[76485dcd-ab19-4e15-a3e5-a04001b12bd1]]
2019-07-22 12:46:54.785 DEBUG application 6674 _a-0000e21d-e06a-8000-7d53-01ef9001ef90_48669 Invalid associated objects: [content=[_a-0000e255-ca76-8000-23f0-01ef9001ef90_41370, _a-0000e255-ca76-8000-23f0-01ef9001ef90_41376, _a-0000e255-ca76-8000-23f0-01ef9001ef90_41382, _a-0000e255-ca76-8000-23f0-01ef9001ef90_41422]]
2019-07-22 12:46:54.785 DEBUG application 6674 _a-0000e21d-e06a-8000-7d53-01ef9001ef90_48669 Adding valid associated objects to be exported: GlobalBindingMap[group={_e-0000e21d-e05a-8000-7d4f-011e94011e94_61=25, _e-0000e255-ca76-8000-23f0-011e94011e94_56=26},content={_a-0000e21d-e06a-8000-7d53-01ef9001ef90_48676=6759, _a-0000e21d-e06a-8000-7d53-01ef9001ef90_48681=6760, _a-0000e255-ca76-8000-23f0-01ef9001ef90_31523=6761, _a-0000e255-ca76-8000-23f0-01ef9001ef90_31545=6762, _a-0000e255-ca76-8000-23f0-01ef9001ef90_33392=7048, _a-0000e268-07ce-8000-23f0-01ef9001ef90_31015=6764, _a-0000e255-ca76-8000-23f0-01ef9001ef90_40957=7187, _a-0000e255-ca76-8000-23f0-01ef9001ef90_40963=7315, _a-0000e255-ca76-8000-23f0-01ef9001ef90_42152=7302, _a-0000e2cb-d2c4-8000-23f0-01ef9001ef90_44179=7287},processModelFolder={_g-0000e255-ca76-8000-23f0-014d98014d98_22=9},processModel={0002e287-8d74-8000-23f0-014d98014d98=647},site={76485dcd-ab19-4e15-a3e5-a04001b12bd1=7}]
2019-07-22 12:46:54.785 DEBUG application 6674 _a-0000e21d-e06a-8000-7d53-01ef9001ef90_48669 Setting uuids of object references.
2019-07-22 12:46:54.785 DEBUG application 6674 _a-0000e21d-e06a-8000-7d53-01ef9001ef90_48669 Processing reference: Application.forum
2019-07-22 12:46:54.786 DEBUG application 6674 _a-0000e21d-e06a-8000-7d53-01ef9001ef90_48669 Processing reference: Application.parent
2019-07-22 12:46:54.789 DEBUG application 6674 _a-0000e21d-e06a-8000-7d53-01ef9001ef90_48669 Processing reference: com.appiancorp.suiteapi.content.ContentRoleMap@485212e8[
  ContentRole[name=readers,inherit=false,allowForAll=false]
  ContentRole[name=authors,inherit=false,allowForAll=false]
  ContentRole[name=administrators,usernames=[kiranj],groupIds=[25],inherit=false,allowForAll=false]
  ContentRole[name=denyReaders,inherit=false,allowForAll=false]
  ContentRole[name=denyAuthors,inherit=false,allowForAll=false]
  ContentRole[name=denyAdministrators,inherit=false,allowForAll=false]
  securityVector=129:SEC_PUBLIC=true,SEC_CREATOR_ADMIN=true,SEC_INH_ADMIN=false,SEC_INH_EDITOR=false,SEC_INH_VIEWER=false,SEC_ALL_ADMIN=false,SEC_ALL_EDITOR=false,SEC_ALL_VIEWER=false
]
2019-07-22 12:46:54.789 DEBUG application 6674 _a-0000e21d-e06a-8000-7d53-01ef9001ef90_48669 Processing reference: ContentRole[name=readers,inherit=false,allowForAll=false]
2019-07-22 12:46:54.789 DEBUG application 6674 _a-0000e21d-e06a-8000-7d53-01ef9001ef90_48669 Processing reference: ContentRole[name=authors,inherit=false,allowForAll=false]
2019-07-22 12:46:54.789 DEBUG application 6674 _a-0000e21d-e06a-8000-7d53-01ef9001ef90_48669 Processing reference: ContentRole[name=administrators,usernames=[kiranj],groupIds=[25],inherit=false,allowForAll=false]
2019-07-22 12:46:54.792 DEBUG group 25 _e-0000e21d-e05a-8000-7d4f-011e94011e94_61 Begin transport.
2019-07-22 12:46:54.792 DEBUG group 25 _e-0000e21d-e05a-8000-7d4f-011e94011e94_61 Retrieving object data.
2019-07-22 12:46:54.843 DEBUG group 25 _e-0000e21d-e05a-8000-7d4f-011e94011e94_61 Setting uuids of object references.
2019-07-22 12:46:54.844 DEBUG group 25 _e-0000e21d-e05a-8000-7d4f-011e94011e94_61 Processing reference: Role[name=<null>]
2019-07-22 12:46:54.845 DEBUG group 25 _e-0000e21d-e05a-8000-7d4f-011e94011e94_61 Processing reference: Group.groupTypeId
2019-07-22 12:46:54.848 DEBUG group 25 _e-0000e21d-e05a-8000-7d4f-011e94011e94_61 Processing reference: Group.parentId
2019-07-22 12:46:54.848 DEBUG group 25 _e-0000e21d-e05a-8000-7d4f-011e94011e94_61 Processing reference: Group.homePageId
2019-07-22 12:46:54.849 DEBUG group 25 _e-0000e21d-e05a-8000-7d4f-011e94011e94_61 Processing reference: Role[name=<null>]
2019-07-22 12:46:54.849 DEBUG group 25 _e-0000e21d-e05a-8000-7d4f-011e94011e94_61 Completing produce.
2019-07-22 12:46:54.849 DEBUG group 25 _e-0000e21d-e05a-8000-7d4f-011e94011e94_61 Exporting binary resources.
2019-07-22 12:46:54.849 DEBUG group 25 _e-0000e21d-e05a-8000-7d4f-011e94011e94_61 Serializing object to XML.
2019-07-22 12:46:54.85 DEBUG group 25 _e-0000e21d-e05a-8000-7d4f-011e94011e94_61 Object transported.
2019-07-22 12:46:54.85 DEBUG application 6674 _a-0000e21d-e06a-8000-7d53-01ef9001ef90_48669 Processing reference: ContentRole[name=denyReaders,inherit=false,allowForAll=false]
2019-07-22 12:46:54.85 DEBUG application 6674 _a-0000e21d-e06a-8000-7d53-01ef9001ef90_48669 Processing reference: ContentRole[name=denyAuthors,inherit=false,allowForAll=false]
2019-07-22 12:46:54.85 DEBUG application 6674 _a-0000e21d-e06a-8000-7d53-01ef9001ef90_48669 Processing reference: ContentRole[name=denyAdministrators,inherit=false,allowForAll=false]
2019-07-22 12:46:54.851 DEBUG group 26 _e-0000e255-ca76-8000-23f0-011e94011e94_56 Begin transport.
2019-07-22 12:46:54.851 DEBUG group 26 _e-0000e255-ca76-8000-23f0-011e94011e94_56 Retrieving object data.
2019-07-22 12:46:54.857 DEBUG group 26 _e-0000e255-ca76-8000-23f0-011e94011e94_56 Setting uuids of object references.
2019-07-22 12:46:54.858 DEBUG group 26 _e-0000e255-ca76-8000-23f0-011e94011e94_56 Processing reference: Role[name=<null>]
2019-07-22 12:46:54.858 DEBUG group 26 _e-0000e255-ca76-8000-23f0-011e94011e94_56 Processing reference: Group.groupTypeId
2019-07-22 12:46:54.859 DEBUG group 26 _e-0000e255-ca76-8000-23f0-011e94011e94_56 Processing reference: Group.parentId
2019-07-22 12:46:54.859 DEBUG group 26 _e-0000e255-ca76-8000-23f0-011e94011e94_56 Processing reference: Group.homePageId
2019-07-22 12:46:54.859 DEBUG group 26 _e-0000e255-ca76-8000-23f0-011e94011e94_56 Processing reference: Role[name=<null>]
2019-07-22 12:46:54.86 DEBUG group 26 _e-0000e255-ca76-8000-23f0-011e94011e94_56 Completing produce.
2019-07-22 12:46:54.86 DEBUG group 26 _e-0000e255-ca76-8000-23f0-011e94011e94_56 Exporting binary resources.
2019-07-22 12:46:54.86 DEBUG group 26 _e-0000e255-ca76-8000-23f0-011e94011e94_56 Serializing object to XML.
2019-07-22 12:46:54.86 DEBUG group 26 _e-0000e255-ca76-8000-23f0-011e94011e94_56 Object transported.
2019-07-22 12:46:54.863 DEBUG content 6759 _a-0000e21d-e06a-8000-7d53-01ef9001ef90_48676 Begin transport.
2019-07-22 12:46:54.863 DEBUG content 6759 _a-0000e21d-e06a-8000-7d53-01ef9001ef90_48676 Retrieving object data.
2019-07-22 12:46:54.872 DEBUG content 6759 _a-0000e21d-e06a-8000-7d53-01ef9001ef90_48676 Setting uuids of object references.
2019-07-22 12:46:54.872 DEBUG content 6759 _a-0000e21d-e06a-8000-7d53-01ef9001ef90_48676 Processing reference: RulesFolder.forum
2019-07-22 12:46:54.873 DEBUG content 6759 _a-0000e21d-e06a-8000-7d53-01ef9001ef90_48676 Processing reference: RulesFolder.parent
2019-07-22 12:46:54.876 DEBUG content 6759 _a-0000e21d-e06a-8000-7d53-01ef9001ef90_48676 Processing reference: com.appiancorp.suiteapi.content.ContentRoleMap@e451f97[
  ContentRole[name=readers,inherit=false,allowForAll=false]
  ContentRole[name=authors,inherit=false,allowForAll=false]
  ContentRole[name=administrators,groupIds=[25],inherit=false,allowForAll=false]
  ContentRole[name=denyReaders,inherit=false,allowForAll=false]
  ContentRole[name=denyAuthors,inherit=false,allowForAll=false]
  ContentRole[name=denyAdministrators,inherit=false,allowForAll=false]
  securityVector=1:SEC_PUBLIC=true,SEC_CREATOR_ADMIN=false,SEC_INH_ADMIN=false,SEC_INH_EDITOR=false,SEC_INH_VIEWER=false,SEC_ALL_ADMIN=false,SEC_ALL_EDITOR=false,SEC_ALL_VIEWER=false
]
2019-07-22 12:46:54.876 DEBUG content 6759 _a-0000e21d-e06a-8000-7d53-01ef9001ef90_48676 Processing reference: ContentRole[name=readers,inherit=false,allowForAll=false]
2019-07-22 12:46:54.876 DEBUG content 6759 _a-0000e21d-e06a-8000-7d53-01ef9001ef90_48676 Processing reference: ContentRole[name=authors,inherit=false,allowForAll=false]
2019-07-22 12:46:54.876 DEBUG content 6759 _a-0000e21d-e06a-8000-7d53-01ef9001ef90_48676 Processing reference: ContentRole[name=administrators,groupIds=[25],inherit=false,allowForAll=false]
2019-07-22 12:46:54.877 DEBUG content 6759 _a-0000e21d-e06a-8000-7d53-01ef9001ef90_48676 Processing reference: ContentRole[name=denyReaders,inherit=false,allowForAll=false]
2019-07-22 12:46:54.877 DEBUG content 6759 _a-0000e21d-e06a-8000-7d53-01ef9001ef90_48676 Processing reference: ContentRole[name=denyAuthors,inherit=false,allowForAll=false]
2019-07-22 12:46:54.877 DEBUG content 6759 _a-0000e21d-e06a-8000-7d53-01ef9001ef90_48676 Processing reference: ContentRole[name=denyAdministrators,inherit=false,allowForAll=false]
2019-07-22 12:46:54.878 DEBUG content 6759 _a-0000e21d-e06a-8000-7d53-01ef9001ef90_48676 Completing produce.
2019-07-22 12:46:54.878 DEBUG content 6759 _a-0000e21d-e06a-8000-7d53-01ef9001ef90_48676 Exporting binary resources.
2019-07-22 12:46:54.878 DEBUG content 6759 _a-0000e21d-e06a-8000-7d53-01ef9001ef90_48676 Serializing object to XML.
2019-07-22 12:46:54.878 DEBUG content 6759 _a-0000e21d-e06a-8000-7d53-01ef9001ef90_48676 Object transported.
2019-07-22 12:46:54.878 DEBUG content 6760 _a-0000e21d-e06a-8000-7d53-01ef9001ef90_48681 Begin transport.
2019-07-22 12:46:54.878 DEBUG content 6760 _a-0000e21d-e06a-8000-7d53-01ef9001ef90_48681 Retrieving object data.
2019-07-22 12:46:55.023 DEBUG content 6760 _a-0000e21d-e06a-8000-7d53-01ef9001ef90_48681 Setting uuids of object references.
2019-07-22 12:46:55.024 DEBUG content 6760 _a-0000e21d-e06a-8000-7d53-01ef9001ef90_48681 Processing reference: [Content:id=6760,versionId=-1,name=EAP_getUsername,type=32,subtype=1,uuid=_a-0000e21d-e06a-8000-7d53-01ef9001ef90_48681,parent=6759]
2019-07-22 12:46:55.024 DEBUG content 6760 _a-0000e21d-e06a-8000-7d53-01ef9001ef90_48681 Processing reference: FreeformRule.forum
2019-07-22 12:46:55.024 DEBUG content 6760 _a-0000e21d-e06a-8000-7d53-01ef9001ef90_48681 Processing reference: FreeformRule.parent
2019-07-22 12:46:55.027 DEBUG content 6760 _a-0000e21d-e06a-8000-7d53-01ef9001ef90_48681 Processing reference: com.appiancorp.suiteapi.content.ContentRoleMap@b8d1b54[
  ContentRole[name=readers,inherit=true,allowForAll=false]
  ContentRole[name=authors,inherit=true,allowForAll=false]
  ContentRole[name=administrators,inherit=true,allowForAll=false]
  ContentRole[name=denyReaders,inherit=false,allowForAll=false]
  ContentRole[name=denyAuthors,inherit=false,allowForAll=false]
  ContentRole[name=denyAdministrators,inherit=false,allowForAll=false]
  securityVector=15:SEC_PUBLIC=true,SEC_CREATOR_ADMIN=false,SEC_INH_ADMIN=true,SEC_INH_EDITOR=true,SEC_INH_VIEWER=true,SEC_ALL_ADMIN=false,SEC_ALL_EDITOR=false,SEC_ALL_VIEWER=false
]
2019-07-22 12:46:55.027 DEBUG content 6760 _a-0000e21d-e06a-8000-7d53-01ef9001ef90_48681 Processing reference: ContentRole[name=readers,inherit=true,allowForAll=false]
2019-07-22 12:46:55.028 DEBUG content 6760 _a-0000e21d-e06a-8000-7d53-01ef9001ef90_48681 Processing reference: ContentRole[name=authors,inherit=true,allowForAll=false]
2019-07-22 12:46:55.028 DEBUG content 6760 _a-0000e21d-e06a-8000-7d53-01ef9001ef90_48681 Processing reference: ContentRole[name=administrators,inherit=true,allowForAll=false]
2019-07-22 12:46:55.028 DEBUG content 6760 _a-0000e21d-e06a-8000-7d53-01ef9001ef90_48681 Processing reference: ContentRole[name=denyReaders,inherit=false,allowForAll=false]
2019-07-22 12:46:55.028 DEBUG content 6760 _a-0000e21d-e06a-8000-7d53-01ef9001ef90_48681 Processing reference: ContentRole[name=denyAuthors,inherit=false,allowForAll=false]
2019-07-22 12:46:55.028 DEBUG content 6760 _a-0000e21d-e06a-8000-7d53-01ef9001ef90_48681 Processing reference: ContentRole[name=denyAdministrators,inherit=false,allowForAll=false]
2019-07-22 12:46:55.029 DEBUG content 6760 _a-0000e21d-e06a-8000-7d53-01ef9001ef90_48681 Completing produce.
2019-07-22 12:46:55.029 DEBUG content 6760 _a-0000e21d-e06a-8000-7d53-01ef9001ef90_48681 Exporting binary resources.
2019-07-22 12:46:55.029 DEBUG content 6760 _a-0000e21d-e06a-8000-7d53-01ef9001ef90_48681 Serializing object to XML.
2019-07-22 12:46:55.034 DEBUG content 6760 _a-0000e21d-e06a-8000-7d53-01ef9001ef90_48681 Object transported.
2019-07-22 12:46:55.034 DEBUG content 6761 _a-0000e255-ca76-8000-23f0-01ef9001ef90_31523 Begin transport.
2019-07-22 12:46:55.034 DEBUG content 6761 _a-0000e255-ca76-8000-23f0-01ef9001ef90_31523 Retrieving object data.
2019-07-22 12:46:55.045 DEBUG content 6761 _a-0000e255-ca76-8000-23f0-01ef9001ef90_31523 Setting uuids of object references.
2019-07-22 12:46:55.045 DEBUG content 6761 _a-0000e255-ca76-8000-23f0-01ef9001ef90_31523 Processing reference: [Content:id=6761,versionId=-1,name=trialInterface,type=32,subtype=6,uuid=_a-0000e255-ca76-8000-23f0-01ef9001ef90_31523,parent=6759]
2019-07-22 12:46:55.048 DEBUG content 6761 _a-0000e255-ca76-8000-23f0-01ef9001ef90_31523 Processing reference: Interface.forum
2019-07-22 12:46:55.048 DEBUG content 6761 _a-0000e255-ca76-8000-23f0-01ef9001ef90_31523 Processing reference: Interface.parent
2019-07-22 12:46:55.052 DEBUG content 6761 _a-0000e255-ca76-8000-23f0-01ef9001ef90_31523 Processing reference: com.appiancorp.suiteapi.content.ContentRoleMap@32d80242[
  ContentRole[name=readers,inherit=true,allowForAll=false]
  ContentRole[name=authors,inherit=true,allowForAll=false]
  ContentRole[name=administrators,inherit=true,allowForAll=false]
  ContentRole[name=denyReaders,inherit=false,allowForAll=false]
  ContentRole[name=denyAuthors,inherit=false,allowForAll=false]
  ContentRole[name=denyAdministrators,inherit=false,allowForAll=false]
  securityVector=15:SEC_PUBLIC=true,SEC_CREATOR_ADMIN=false,SEC_INH_ADMIN=true,SEC_INH_EDITOR=true,SEC_INH_VIEWER=true,SEC_ALL_ADMIN=false,SEC_ALL_EDITOR=false,SEC_ALL_VIEWER=false
]
2019-07-22 12:46:55.052 DEBUG content 6761 _a-0000e255-ca76-8000-23f0-01ef9001ef90_31523 Processing reference: ContentRole[name=readers,inherit=true,allowForAll=false]
2019-07-22 12:46:55.052 DEBUG content 6761 _a-0000e255-ca76-8000-23f0-01ef9001ef90_31523 Processing reference: ContentRole[name=authors,inherit=true,allowForAll=false]
2019-07-22 12:46:55.052 DEBUG content 6761 _a-0000e255-ca76-8000-23f0-01ef9001ef90_31523 Processing reference: ContentRole[name=administrators,inherit=true,allowForAll=false]
2019-07-22 12:46:55.052 DEBUG content 6761 _a-0000e255-ca76-8000-23f0-01ef9001ef90_31523 Processing reference: ContentRole[name=denyReaders,inherit=false,allowForAll=false]
2019-07-22 12:46:55.052 DEBUG content 6761 _a-0000e255-ca76-8000-23f0-01ef9001ef90_31523 Processing reference: ContentRole[name=denyAuthors,inherit=false,allowForAll=false]
2019-07-22 12:46:55.052 DEBUG content 6761 _a-0000e255-ca76-8000-23f0-01ef9001ef90_31523 Processing reference: ContentRole[name=denyAdministrators,inherit=false,allowForAll=false]
2019-07-22 12:46:55.052 DEBUG content 6761 _a-0000e255-ca76-8000-23f0-01ef9001ef90_31523 Completing produce.
2019-07-22 12:46:55.052 DEBUG content 6761 _a-0000e255-ca76-8000-23f0-01ef9001ef90_31523 Exporting binary resources.
2019-07-22 12:46:55.052 DEBUG content 6761 _a-0000e255-ca76-8000-23f0-01ef9001ef90_31523 Serializing object to XML.
2019-07-22 12:46:55.053 DEBUG content 6761 _a-0000e255-ca76-8000-23f0-01ef9001ef90_31523 Object transported.
2019-07-22 12:46:55.053 DEBUG content 6762 _a-0000e255-ca76-8000-23f0-01ef9001ef90_31545 Begin transport.
2019-07-22 12:46:55.053 DEBUG content 6762 _a-0000e255-ca76-8000-23f0-01ef9001ef90_31545 Retrieving object data.
2019-07-22 12:46:55.064 DEBUG content 6762 _a-0000e255-ca76-8000-23f0-01ef9001ef90_31545 Setting uuids of object references.
2019-07-22 12:46:55.064 DEBUG content 6762 _a-0000e255-ca76-8000-23f0-01ef9001ef90_31545 Processing reference: [Content:id=6762,versionId=-1,name=Interface2,type=32,subtype=6,uuid=_a-0000e255-ca76-8000-23f0-01ef9001ef90_31545,parent=6759]
2019-07-22 12:46:55.065 DEBUG content 6762 _a-0000e255-ca76-8000-23f0-01ef9001ef90_31545 Processing reference: Interface.forum
2019-07-22 12:46:55.065 DEBUG content 6762 _a-0000e255-ca76-8000-23f0-01ef9001ef90_31545 Processing reference: TypedVariable[name=cancel,it=26,v=<null>]
2019-07-22 12:46:55.065 DEBUG content 6762 _a-0000e255-ca76-8000-23f0-01ef9001ef90_31545 Processing reference: Interface.parent
2019-07-22 12:46:55.068 DEBUG content 6762 _a-0000e255-ca76-8000-23f0-01ef9001ef90_31545 Processing reference: com.appiancorp.suiteapi.content.ContentRoleMap@5572c3d5[
  ContentRole[name=readers,inherit=true,allowForAll=false]
  ContentRole[name=authors,inherit=true,allowForAll=false]
  ContentRole[name=administrators,inherit=true,allowForAll=false]
  ContentRole[name=denyReaders,inherit=false,allowForAll=false]
  ContentRole[name=denyAuthors,inherit=false,allowForAll=false]
  ContentRole[name=denyAdministrators,inherit=false,allowForAll=false]
  securityVector=15:SEC_PUBLIC=true,SEC_CREATOR_ADMIN=false,SEC_INH_ADMIN=true,SEC_INH_EDITOR=true,SEC_INH_VIEWER=true,SEC_ALL_ADMIN=false,SEC_ALL_EDITOR=false,SEC_ALL_VIEWER=false
]
2019-07-22 12:46:55.068 DEBUG content 6762 _a-0000e255-ca76-8000-23f0-01ef9001ef90_31545 Processing reference: ContentRole[name=readers,inherit=true,allowForAll=false]
2019-07-22 12:46:55.068 DEBUG content 6762 _a-0000e255-ca76-8000-23f0-01ef9001ef90_31545 Processing reference: ContentRole[name=authors,inherit=true,allowForAll=false]
2019-07-22 12:46:55.068 DEBUG content 6762 _a-0000e255-ca76-8000-23f0-01ef9001ef90_31545 Processing reference: ContentRole[name=administrators,inherit=true,allowForAll=false]
2019-07-22 12:46:55.069 DEBUG content 6762 _a-0000e255-ca76-8000-23f0-01ef9001ef90_31545 Processing reference: ContentRole[name=denyReaders,inherit=false,allowForAll=false]
2019-07-22 12:46:55.069 DEBUG content 6762 _a-0000e255-ca76-8000-23f0-01ef9001ef90_31545 Processing reference: ContentRole[name=denyAuthors,inherit=false,allowForAll=false]
2019-07-22 12:46:55.069 DEBUG content 6762 _a-0000e255-ca76-8000-23f0-01ef9001ef90_31545 Processing reference: ContentRole[name=denyAdministrators,inherit=false,allowForAll=false]
2019-07-22 12:46:55.069 DEBUG content 6762 _a-0000e255-ca76-8000-23f0-01ef9001ef90_31545 Completing produce.
2019-07-22 12:46:55.069 DEBUG content 6762 _a-0000e255-ca76-8000-23f0-01ef9001ef90_31545 Exporting binary resources.
2019-07-22 12:46:55.069 DEBUG content 6762 _a-0000e255-ca76-8000-23f0-01ef9001ef90_31545 Serializing object to XML.
2019-07-22 12:46:55.073 DEBUG content 6762 _a-0000e255-ca76-8000-23f0-01ef9001ef90_31545 Object transported.
2019-07-22 12:46:55.073 DEBUG content 7048 _a-0000e255-ca76-8000-23f0-01ef9001ef90_33392 Begin transport.
2019-07-22 12:46:55.073 DEBUG content 7048 _a-0000e255-ca76-8000-23f0-01ef9001ef90_33392 Retrieving object data.
2019-07-22 12:46:55.082 DEBUG content 7048 _a-0000e255-ca76-8000-23f0-01ef9001ef90_33392 Setting uuids of object references.
2019-07-22 12:46:55.082 DEBUG content 7048 _a-0000e255-ca76-8000-23f0-01ef9001ef90_33392 Processing reference: [Content:id=6763,versionId=-1,name=EAP_getAddressDetails,type=32,subtype=0,uuid=_a-0000e255-ca76-8000-23f0-01ef9001ef90_33392,parent=6759]
2019-07-22 12:46:55.083 DEBUG content 7048 _a-0000e255-ca76-8000-23f0-01ef9001ef90_33392 Processing reference: Constant.forum
2019-07-22 12:46:55.083 DEBUG content 7048 _a-0000e255-ca76-8000-23f0-01ef9001ef90_33392 Processing reference: Constant.parent
2019-07-22 12:46:55.086 DEBUG content 7048 _a-0000e255-ca76-8000-23f0-01ef9001ef90_33392 Processing reference: com.appiancorp.suiteapi.content.ContentRoleMap@11c85a74[
  ContentRole[name=readers,inherit=true,allowForAll=false]
  ContentRole[name=authors,inherit=true,allowForAll=false]
  ContentRole[name=administrators,inherit=true,allowForAll=false]
  ContentRole[name=denyReaders,inherit=false,allowForAll=false]
  ContentRole[name=denyAuthors,inherit=false,allowForAll=false]
  ContentRole[name=denyAdministrators,inherit=false,allowForAll=false]
  securityVector=15:SEC_PUBLIC=true,SEC_CREATOR_ADMIN=false,SEC_INH_ADMIN=true,SEC_INH_EDITOR=true,SEC_INH_VIEWER=true,SEC_ALL_ADMIN=false,SEC_ALL_EDITOR=false,SEC_ALL_VIEWER=false
]
2019-07-22 12:46:55.086 DEBUG content 7048 _a-0000e255-ca76-8000-23f0-01ef9001ef90_33392 Processing reference: ContentRole[name=readers,inherit=true,allowForAll=false]
2019-07-22 12:46:55.086 DEBUG content 7048 _a-0000e255-ca76-8000-23f0-01ef9001ef90_33392 Processing reference: ContentRole[name=authors,inherit=true,allowForAll=false]
2019-07-22 12:46:55.086 DEBUG content 7048 _a-0000e255-ca76-8000-23f0-01ef9001ef90_33392 Processing reference: ContentRole[name=administrators,inherit=true,allowForAll=false]
2019-07-22 12:46:55.086 DEBUG content 7048 _a-0000e255-ca76-8000-23f0-01ef9001ef90_33392 Processing reference: ContentRole[name=denyReaders,inherit=false,allowForAll=false]
2019-07-22 12:46:55.086 DEBUG content 7048 _a-0000e255-ca76-8000-23f0-01ef9001ef90_33392 Processing reference: ContentRole[name=denyAuthors,inherit=false,allowForAll=false]
2019-07-22 12:46:55.086 DEBUG content 7048 _a-0000e255-ca76-8000-23f0-01ef9001ef90_33392 Processing reference: ContentRole[name=denyAdministrators,inherit=false,allowForAll=false]
2019-07-22 12:46:55.086 DEBUG content 7048 _a-0000e255-ca76-8000-23f0-01ef9001ef90_33392 Completing produce.
2019-07-22 12:46:55.086 DEBUG content 7048 _a-0000e255-ca76-8000-23f0-01ef9001ef90_33392 Exporting binary resources.
2019-07-22 12:46:55.086 DEBUG content 7048 _a-0000e255-ca76-8000-23f0-01ef9001ef90_33392 Serializing object to XML.
2019-07-22 12:46:55.09 DEBUG content 7048 _a-0000e255-ca76-8000-23f0-01ef9001ef90_33392 Object transported.
2019-07-22 12:46:55.09 DEBUG content 6764 _a-0000e268-07ce-8000-23f0-01ef9001ef90_31015 Begin transport.
2019-07-22 12:46:55.09 DEBUG content 6764 _a-0000e268-07ce-8000-23f0-01ef9001ef90_31015 Retrieving object data.
2019-07-22 12:46:55.101 DEBUG content 6764 _a-0000e268-07ce-8000-23f0-01ef9001ef90_31015 Setting uuids of object references.
2019-07-22 12:46:55.101 DEBUG content 6764 _a-0000e268-07ce-8000-23f0-01ef9001ef90_31015 Processing reference: [Content:id=6764,versionId=-1,name=EAP_uiSectionCustomerInfo,type=32,subtype=6,uuid=_a-0000e268-07ce-8000-23f0-01ef9001ef90_31015,parent=6759]
2019-07-22 12:46:55.102 DEBUG content 6764 _a-0000e268-07ce-8000-23f0-01ef9001ef90_31015 Processing reference: Interface.forum
2019-07-22 12:46:55.103 DEBUG content 6764 _a-0000e268-07ce-8000-23f0-01ef9001ef90_31015 Processing reference: Interface.parent
2019-07-22 12:46:55.106 DEBUG content 6764 _a-0000e268-07ce-8000-23f0-01ef9001ef90_31015 Processing reference: com.appiancorp.suiteapi.content.ContentRoleMap@27f92411[
  ContentRole[name=readers,inherit=true,allowForAll=false]
  ContentRole[name=authors,inherit=true,allowForAll=false]
  ContentRole[name=administrators,inherit=true,allowForAll=false]
  ContentRole[name=denyReaders,inherit=false,allowForAll=false]
  ContentRole[name=denyAuthors,inherit=false,allowForAll=false]
  ContentRole[name=denyAdministrators,inherit=false,allowForAll=false]
  securityVector=15:SEC_PUBLIC=true,SEC_CREATOR_ADMIN=false,SEC_INH_ADMIN=true,SEC_INH_EDITOR=true,SEC_INH_VIEWER=true,SEC_ALL_ADMIN=false,SEC_ALL_EDITOR=false,SEC_ALL_VIEWER=false
]
2019-07-22 12:46:55.106 DEBUG content 6764 _a-0000e268-07ce-8000-23f0-01ef9001ef90_31015 Processing reference: ContentRole[name=readers,inherit=true,allowForAll=false]
2019-07-22 12:46:55.106 DEBUG content 6764 _a-0000e268-07ce-8000-23f0-01ef9001ef90_31015 Processing reference: ContentRole[name=authors,inherit=true,allowForAll=false]
2019-07-22 12:46:55.106 DEBUG content 6764 _a-0000e268-07ce-8000-23f0-01ef9001ef90_31015 Processing reference: ContentRole[name=administrators,inherit=true,allowForAll=false]
2019-07-22 12:46:55.106 DEBUG content 6764 _a-0000e268-07ce-8000-23f0-01ef9001ef90_31015 Processing reference: ContentRole[name=denyReaders,inherit=false,allowForAll=false]
2019-07-22 12:46:55.106 DEBUG content 6764 _a-0000e268-07ce-8000-23f0-01ef9001ef90_31015 Processing reference: ContentRole[name=denyAuthors,inherit=false,allowForAll=false]
2019-07-22 12:46:55.106 DEBUG content 6764 _a-0000e268-07ce-8000-23f0-01ef9001ef90_31015 Processing reference: ContentRole[name=denyAdministrators,inherit=false,allowForAll=false]
2019-07-22 12:46:55.106 DEBUG content 6764 _a-0000e268-07ce-8000-23f0-01ef9001ef90_31015 Completing produce.
2019-07-22 12:46:55.106 DEBUG content 6764 _a-0000e268-07ce-8000-23f0-01ef9001ef90_31015 Exporting binary resources.
2019-07-22 12:46:55.106 DEBUG content 6764 _a-0000e268-07ce-8000-23f0-01ef9001ef90_31015 Serializing object to XML.
2019-07-22 12:46:55.107 DEBUG content 6764 _a-0000e268-07ce-8000-23f0-01ef9001ef90_31015 Object transported.
2019-07-22 12:46:55.107 DEBUG content 7187 _a-0000e255-ca76-8000-23f0-01ef9001ef90_40957 Begin transport.
2019-07-22 12:46:55.107 DEBUG content 7187 _a-0000e255-ca76-8000-23f0-01ef9001ef90_40957 Retrieving object data.
2019-07-22 12:46:55.116 DEBUG content 7187 _a-0000e255-ca76-8000-23f0-01ef9001ef90_40957 Setting uuids of object references.
2019-07-22 12:46:55.117 DEBUG content 7187 _a-0000e255-ca76-8000-23f0-01ef9001ef90_40957 Processing reference: [Content:id=6774,versionId=-1,name=EAP_ETst1,type=32,subtype=0,uuid=_a-0000e255-ca76-8000-23f0-01ef9001ef90_40957,parent=6759]
2019-07-22 12:46:55.117 DEBUG content 7187 _a-0000e255-ca76-8000-23f0-01ef9001ef90_40957 Processing reference: Constant.forum
2019-07-22 12:46:55.117 DEBUG content 7187 _a-0000e255-ca76-8000-23f0-01ef9001ef90_40957 Processing reference: Constant.parent
2019-07-22 12:46:55.12 DEBUG content 7187 _a-0000e255-ca76-8000-23f0-01ef9001ef90_40957 Processing reference: com.appiancorp.suiteapi.content.ContentRoleMap@7dc9f5d[
  ContentRole[name=readers,inherit=true,allowForAll=false]
  ContentRole[name=authors,inherit=true,allowForAll=false]
  ContentRole[name=administrators,inherit=true,allowForAll=false]
  ContentRole[name=denyReaders,inherit=false,allowForAll=false]
  ContentRole[name=denyAuthors,inherit=false,allowForAll=false]
  ContentRole[name=denyAdministrators,inherit=false,allowForAll=false]
  securityVector=15:SEC_PUBLIC=true,SEC_CREATOR_ADMIN=false,SEC_INH_ADMIN=true,SEC_INH_EDITOR=true,SEC_INH_VIEWER=true,SEC_ALL_ADMIN=false,SEC_ALL_EDITOR=false,SEC_ALL_VIEWER=false
]
2019-07-22 12:46:55.12 DEBUG content 7187 _a-0000e255-ca76-8000-23f0-01ef9001ef90_40957 Processing reference: ContentRole[name=readers,inherit=true,allowForAll=false]
2019-07-22 12:46:55.12 DEBUG content 7187 _a-0000e255-ca76-8000-23f0-01ef9001ef90_40957 Processing reference: ContentRole[name=authors,inherit=true,allowForAll=false]
2019-07-22 12:46:55.12 DEBUG content 7187 _a-0000e255-ca76-8000-23f0-01ef9001ef90_40957 Processing reference: ContentRole[name=administrators,inherit=true,allowForAll=false]
2019-07-22 12:46:55.12 DEBUG content 7187 _a-0000e255-ca76-8000-23f0-01ef9001ef90_40957 Processing reference: ContentRole[name=denyReaders,inherit=false,allowForAll=false]
2019-07-22 12:46:55.12 DEBUG content 7187 _a-0000e255-ca76-8000-23f0-01ef9001ef90_40957 Processing reference: ContentRole[name=denyAuthors,inherit=false,allowForAll=false]
2019-07-22 12:46:55.12 DEBUG content 7187 _a-0000e255-ca76-8000-23f0-01ef9001ef90_40957 Processing reference: ContentRole[name=denyAdministrators,inherit=false,allowForAll=false]
2019-07-22 12:46:55.121 DEBUG content 7187 _a-0000e255-ca76-8000-23f0-01ef9001ef90_40957 Completing produce.
2019-07-22 12:46:55.121 DEBUG content 7187 _a-0000e255-ca76-8000-23f0-01ef9001ef90_40957 Exporting binary resources.
2019-07-22 12:46:55.121 DEBUG content 7187 _a-0000e255-ca76-8000-23f0-01ef9001ef90_40957 Serializing object to XML.
2019-07-22 12:46:55.124 DEBUG content 7187 _a-0000e255-ca76-8000-23f0-01ef9001ef90_40957 Object transported.
2019-07-22 12:46:55.124 DEBUG content 7315 _a-0000e255-ca76-8000-23f0-01ef9001ef90_40963 Begin transport.
2019-07-22 12:46:55.124 DEBUG content 7315 _a-0000e255-ca76-8000-23f0-01ef9001ef90_40963 Retrieving object data.
2019-07-22 12:46:55.134 DEBUG content 7315 _a-0000e255-ca76-8000-23f0-01ef9001ef90_40963 Setting uuids of object references.
2019-07-22 12:46:55.134 DEBUG content 7315 _a-0000e255-ca76-8000-23f0-01ef9001ef90_40963 Processing reference: [Content:id=6775,versionId=-1,name=EAP_TEst2,type=32,subtype=0,uuid=_a-0000e255-ca76-8000-23f0-01ef9001ef90_40963,parent=6759]
2019-07-22 12:46:55.134 DEBUG content 7315 _a-0000e255-ca76-8000-23f0-01ef9001ef90_40963 Processing reference: Constant.forum
2019-07-22 12:46:55.134 DEBUG content 7315 _a-0000e255-ca76-8000-23f0-01ef9001ef90_40963 Processing reference: Constant.parent
2019-07-22 12:46:55.137 DEBUG content 7315 _a-0000e255-ca76-8000-23f0-01ef9001ef90_40963 Processing reference: com.appiancorp.suiteapi.content.ContentRoleMap@39d740c3[
  ContentRole[name=readers,inherit=true,allowForAll=false]
  ContentRole[name=authors,inherit=true,allowForAll=false]
  ContentRole[name=administrators,inherit=true,allowForAll=false]
  ContentRole[name=denyReaders,inherit=false,allowForAll=false]
  ContentRole[name=denyAuthors,inherit=false,allowForAll=false]
  ContentRole[name=denyAdministrators,inherit=false,allowForAll=false]
  securityVector=15:SEC_PUBLIC=true,SEC_CREATOR_ADMIN=false,SEC_INH_ADMIN=true,SEC_INH_EDITOR=true,SEC_INH_VIEWER=true,SEC_ALL_ADMIN=false,SEC_ALL_EDITOR=false,SEC_ALL_VIEWER=false
]
2019-07-22 12:46:55.137 DEBUG content 7315 _a-0000e255-ca76-8000-23f0-01ef9001ef90_40963 Processing reference: ContentRole[name=readers,inherit=true,allowForAll=false]
2019-07-22 12:46:55.138 DEBUG content 7315 _a-0000e255-ca76-8000-23f0-01ef9001ef90_40963 Processing reference: ContentRole[name=authors,inherit=true,allowForAll=false]
2019-07-22 12:46:55.138 DEBUG content 7315 _a-0000e255-ca76-8000-23f0-01ef9001ef90_40963 Processing reference: ContentRole[name=administrators,inherit=true,allowForAll=false]
2019-07-22 12:46:55.138 DEBUG content 7315 _a-0000e255-ca76-8000-23f0-01ef9001ef90_40963 Processing reference: ContentRole[name=denyReaders,inherit=false,allowForAll=false]
2019-07-22 12:46:55.138 DEBUG content 7315 _a-0000e255-ca76-8000-23f0-01ef9001ef90_40963 Processing reference: ContentRole[name=denyAuthors,inherit=false,allowForAll=false]
2019-07-22 12:46:55.138 DEBUG content 7315 _a-0000e255-ca76-8000-23f0-01ef9001ef90_40963 Processing reference: ContentRole[name=denyAdministrators,inherit=false,allowForAll=false]
2019-07-22 12:46:55.138 DEBUG content 7315 _a-0000e255-ca76-8000-23f0-01ef9001ef90_40963 Completing produce.
2019-07-22 12:46:55.138 DEBUG content 7315 _a-0000e255-ca76-8000-23f0-01ef9001ef90_40963 Exporting binary resources.
2019-07-22 12:46:55.138 DEBUG content 7315 _a-0000e255-ca76-8000-23f0-01ef9001ef90_40963 Serializing object to XML.
2019-07-22 12:46:55.142 DEBUG content 7315 _a-0000e255-ca76-8000-23f0-01ef9001ef90_40963 Object transported.
2019-07-22 12:46:55.142 DEBUG content 7302 _a-0000e255-ca76-8000-23f0-01ef9001ef90_42152 Begin transport.
2019-07-22 12:46:55.142 DEBUG content 7302 _a-0000e255-ca76-8000-23f0-01ef9001ef90_42152 Retrieving object data.
2019-07-22 12:46:55.153 DEBUG content 7302 _a-0000e255-ca76-8000-23f0-01ef9001ef90_42152 Setting uuids of object references.
2019-07-22 12:46:55.153 DEBUG content 7302 _a-0000e255-ca76-8000-23f0-01ef9001ef90_42152 Processing reference: [Content:id=6922,versionId=-1,name=EAP_NewInterface,type=32,subtype=6,uuid=_a-0000e255-ca76-8000-23f0-01ef9001ef90_42152,parent=6759]
2019-07-22 12:46:55.154 DEBUG content 7302 _a-0000e255-ca76-8000-23f0-01ef9001ef90_42152 Processing reference: Interface.forum
2019-07-22 12:46:55.154 DEBUG content 7302 _a-0000e255-ca76-8000-23f0-01ef9001ef90_42152 Processing reference: TypedVariable[name=cancel,it=26,v=<null>]
2019-07-22 12:46:55.155 DEBUG content 7302 _a-0000e255-ca76-8000-23f0-01ef9001ef90_42152 Processing reference: Interface.parent
2019-07-22 12:46:55.158 DEBUG content 7302 _a-0000e255-ca76-8000-23f0-01ef9001ef90_42152 Processing reference: com.appiancorp.suiteapi.content.ContentRoleMap@510ad219[
  ContentRole[name=readers,inherit=true,allowForAll=false]
  ContentRole[name=authors,inherit=true,allowForAll=false]
  ContentRole[name=administrators,inherit=true,allowForAll=false]
  ContentRole[name=denyReaders,inherit=false,allowForAll=false]
  ContentRole[name=denyAuthors,inherit=false,allowForAll=false]
  ContentRole[name=denyAdministrators,inherit=false,allowForAll=false]
  securityVector=15:SEC_PUBLIC=true,SEC_CREATOR_ADMIN=false,SEC_INH_ADMIN=true,SEC_INH_EDITOR=true,SEC_INH_VIEWER=true,SEC_ALL_ADMIN=false,SEC_ALL_EDITOR=false,SEC_ALL_VIEWER=false
]
2019-07-22 12:46:55.158 DEBUG content 7302 _a-0000e255-ca76-8000-23f0-01ef9001ef90_42152 Processing reference: ContentRole[name=readers,inherit=true,allowForAll=false]
2019-07-22 12:46:55.158 DEBUG content 7302 _a-0000e255-ca76-8000-23f0-01ef9001ef90_42152 Processing reference: ContentRole[name=authors,inherit=true,allowForAll=false]
2019-07-22 12:46:55.158 DEBUG content 7302 _a-0000e255-ca76-8000-23f0-01ef9001ef90_42152 Processing reference: ContentRole[name=administrators,inherit=true,allowForAll=false]
2019-07-22 12:46:55.158 DEBUG content 7302 _a-0000e255-ca76-8000-23f0-01ef9001ef90_42152 Processing reference: ContentRole[name=denyReaders,inherit=false,allowForAll=false]
2019-07-22 12:46:55.158 DEBUG content 7302 _a-0000e255-ca76-8000-23f0-01ef9001ef90_42152 Processing reference: ContentRole[name=denyAuthors,inherit=false,allowForAll=false]
2019-07-22 12:46:55.158 DEBUG content 7302 _a-0000e255-ca76-8000-23f0-01ef9001ef90_42152 Processing reference: ContentRole[name=denyAdministrators,inherit=false,allowForAll=false]
2019-07-22 12:46:55.158 DEBUG content 7302 _a-0000e255-ca76-8000-23f0-01ef9001ef90_42152 Completing produce.
2019-07-22 12:46:55.158 DEBUG content 7302 _a-0000e255-ca76-8000-23f0-01ef9001ef90_42152 Exporting binary resources.
2019-07-22 12:46:55.158 DEBUG content 7302 _a-0000e255-ca76-8000-23f0-01ef9001ef90_42152 Serializing object to XML.
2019-07-22 12:46:55.162 DEBUG content 7302 _a-0000e255-ca76-8000-23f0-01ef9001ef90_42152 Object transported.
2019-07-22 12:46:55.162 DEBUG content 7287 _a-0000e2cb-d2c4-8000-23f0-01ef9001ef90_44179 Begin transport.
2019-07-22 12:46:55.162 DEBUG content 7287 _a-0000e2cb-d2c4-8000-23f0-01ef9001ef90_44179 Retrieving object data.
2019-07-22 12:46:55.171 DEBUG content 7287 _a-0000e2cb-d2c4-8000-23f0-01ef9001ef90_44179 Setting uuids of object references.
2019-07-22 12:46:55.172 DEBUG content 7287 _a-0000e2cb-d2c4-8000-23f0-01ef9001ef90_44179 Processing reference: [Content:id=7189,versionId=-1,name=EAP_NEW_OBJECT,type=32,subtype=0,uuid=_a-0000e2cb-d2c4-8000-23f0-01ef9001ef90_44179,parent=6759]
2019-07-22 12:46:55.172 DEBUG content 7287 _a-0000e2cb-d2c4-8000-23f0-01ef9001ef90_44179 Processing reference: Constant.forum
2019-07-22 12:46:55.172 DEBUG content 7287 _a-0000e2cb-d2c4-8000-23f0-01ef9001ef90_44179 Processing reference: Constant.parent
2019-07-22 12:46:55.175 DEBUG content 7287 _a-0000e2cb-d2c4-8000-23f0-01ef9001ef90_44179 Processing reference: com.appiancorp.suiteapi.content.ContentRoleMap@6de91eff[
  ContentRole[name=readers,inherit=true,allowForAll=false]
  ContentRole[name=authors,inherit=true,allowForAll=false]
  ContentRole[name=administrators,inherit=true,allowForAll=false]
  ContentRole[name=denyReaders,inherit=false,allowForAll=false]
  ContentRole[name=denyAuthors,inherit=false,allowForAll=false]
  ContentRole[name=denyAdministrators,inherit=false,allowForAll=false]
  securityVector=15:SEC_PUBLIC=true,SEC_CREATOR_ADMIN=false,SEC_INH_ADMIN=true,SEC_INH_EDITOR=true,SEC_INH_VIEWER=true,SEC_ALL_ADMIN=false,SEC_ALL_EDITOR=false,SEC_ALL_VIEWER=false
]
2019-07-22 12:46:55.175 DEBUG content 7287 _a-0000e2cb-d2c4-8000-23f0-01ef9001ef90_44179 Processing reference: ContentRole[name=readers,inherit=true,allowForAll=false]
2019-07-22 12:46:55.175 DEBUG content 7287 _a-0000e2cb-d2c4-8000-23f0-01ef9001ef90_44179 Processing reference: ContentRole[name=authors,inherit=true,allowForAll=false]
2019-07-22 12:46:55.175 DEBUG content 7287 _a-0000e2cb-d2c4-8000-23f0-01ef9001ef90_44179 Processing reference: ContentRole[name=administrators,inherit=true,allowForAll=false]
2019-07-22 12:46:55.175 DEBUG content 7287 _a-0000e2cb-d2c4-8000-23f0-01ef9001ef90_44179 Processing reference: ContentRole[name=denyReaders,inherit=false,allowForAll=false]
2019-07-22 12:46:55.175 DEBUG content 7287 _a-0000e2cb-d2c4-8000-23f0-01ef9001ef90_44179 Processing reference: ContentRole[name=denyAuthors,inherit=false,allowForAll=false]
2019-07-22 12:46:55.175 DEBUG content 7287 _a-0000e2cb-d2c4-8000-23f0-01ef9001ef90_44179 Processing reference: ContentRole[name=denyAdministrators,inherit=false,allowForAll=false]
2019-07-22 12:46:55.176 DEBUG content 7287 _a-0000e2cb-d2c4-8000-23f0-01ef9001ef90_44179 Completing produce.
2019-07-22 12:46:55.176 DEBUG content 7287 _a-0000e2cb-d2c4-8000-23f0-01ef9001ef90_44179 Exporting binary resources.
2019-07-22 12:46:55.176 DEBUG content 7287 _a-0000e2cb-d2c4-8000-23f0-01ef9001ef90_44179 Serializing object to XML.
2019-07-22 12:46:55.179 DEBUG content 7287 _a-0000e2cb-d2c4-8000-23f0-01ef9001ef90_44179 Object transported.
2019-07-22 12:46:55.181 DEBUG processModelFolder 9 _g-0000e255-ca76-8000-23f0-014d98014d98_22 Begin transport.
2019-07-22 12:46:55.181 DEBUG processModelFolder 9 _g-0000e255-ca76-8000-23f0-014d98014d98_22 Retrieving object data.
2019-07-22 12:46:55.184 DEBUG processModelFolder 9 _g-0000e255-ca76-8000-23f0-014d98014d98_22 Setting uuids of object references.
2019-07-22 12:46:55.184 DEBUG processModelFolder 9 _g-0000e255-ca76-8000-23f0-014d98014d98_22 Processing reference: ProcessModelFolder.parentFolderId
2019-07-22 12:46:55.184 DEBUG processModelFolder 9 _g-0000e255-ca76-8000-23f0-014d98014d98_22 Processing reference: com.appiancorp.suiteapi.process.ProcessRoleMap@33ac8f8[
  Role[name=ADMIN_OWNER]
  Role[name=EDITOR]
  Role[name=EXPLICIT_NONMEMBER]
  Role[name=VIEWER]
  Role[name=MANAGER]
  Role[name=INITIATOR]
]
2019-07-22 12:46:55.184 DEBUG processModelFolder 9 _g-0000e255-ca76-8000-23f0-014d98014d98_22 Processing reference: Role[name=ADMIN_OWNER]
2019-07-22 12:46:55.185 DEBUG processModelFolder 9 _g-0000e255-ca76-8000-23f0-014d98014d98_22 Processing reference: Role[name=EDITOR]
2019-07-22 12:46:55.185 DEBUG processModelFolder 9 _g-0000e255-ca76-8000-23f0-014d98014d98_22 Processing reference: Role[name=EXPLICIT_NONMEMBER]
2019-07-22 12:46:55.185 DEBUG processModelFolder 9 _g-0000e255-ca76-8000-23f0-014d98014d98_22 Processing reference: Role[name=VIEWER]
2019-07-22 12:46:55.185 DEBUG processModelFolder 9 _g-0000e255-ca76-8000-23f0-014d98014d98_22 Processing reference: Role[name=MANAGER]
2019-07-22 12:46:55.185 DEBUG processModelFolder 9 _g-0000e255-ca76-8000-23f0-014d98014d98_22 Processing reference: Role[name=INITIATOR]
2019-07-22 12:46:55.185 DEBUG processModelFolder 9 _g-0000e255-ca76-8000-23f0-014d98014d98_22 Completing produce.
2019-07-22 12:46:55.185 DEBUG processModelFolder 9 _g-0000e255-ca76-8000-23f0-014d98014d98_22 Exporting binary resources.
2019-07-22 12:46:55.185 DEBUG processModelFolder 9 _g-0000e255-ca76-8000-23f0-014d98014d98_22 Serializing object to XML.
2019-07-22 12:46:55.185 DEBUG processModelFolder 9 _g-0000e255-ca76-8000-23f0-014d98014d98_22 Object transported.
2019-07-22 12:46:55.187 DEBUG processModel 647 0002e287-8d74-8000-23f0-014d98014d98 Begin transport.
2019-07-22 12:46:55.187 DEBUG processModel 647 0002e287-8d74-8000-23f0-014d98014d98 Retrieving object data.
2019-07-22 12:46:55.304 DEBUG processModel 647 0002e287-8d74-8000-23f0-014d98014d98 Setting uuids of object references.
2019-07-22 12:46:55.304 DEBUG processModel 647 0002e287-8d74-8000-23f0-014d98014d98 Processing reference: ProcessModelHaul.folderId
2019-07-22 12:46:55.305 DEBUG processModel 647 0002e287-8d74-8000-23f0-014d98014d98 Processing reference: ProcessModelHaul.modelDashboardPageId
2019-07-22 12:46:55.305 DEBUG processModel 647 0002e287-8d74-8000-23f0-014d98014d98 Processing reference: ProcessModelHaul.processDashboardPageId
2019-07-22 12:46:55.305 DEBUG processModel 647 0002e287-8d74-8000-23f0-014d98014d98 Processing reference: ProcessModel.emailAttachmentFolderId
2019-07-22 12:46:55.306 DEBUG processModel 647 0002e287-8d74-8000-23f0-014d98014d98 Processing reference: ActivityClassParameter[name=pmID,it=23,v=<null>]
2019-07-22 12:46:55.306 DEBUG processModel 647 0002e287-8d74-8000-23f0-014d98014d98 Processing reference: ActivityClassParameter[name=inMap,it=111,v={}]
2019-07-22 12:46:55.306 DEBUG processModel 647 0002e287-8d74-8000-23f0-014d98014d98 Processing reference: ActivityClassParameter[name=procInheritsPriority,it=1,v=1]
2019-07-22 12:46:55.306 DEBUG processModel 647 0002e287-8d74-8000-23f0-014d98014d98 Processing reference: ActivityClassParameter[name=pmUUID,it=3,v=]
2019-07-22 12:46:55.306 DEBUG processModel 647 0002e287-8d74-8000-23f0-014d98014d98 Processing reference: ActivityClassParameter[name=isAsynchronous,it=26,v=1]
2019-07-22 12:46:55.307 DEBUG processModel 647 0002e287-8d74-8000-23f0-014d98014d98 Processing reference: ActivityClassParameter[name=isTransparent,it=26,v=1]
2019-07-22 12:46:55.307 DEBUG processModel 647 0002e287-8d74-8000-23f0-014d98014d98 Processing reference: ActivityClassParameter[name=inheritSecurity,it=26,v=0]
2019-07-22 12:46:55.307 DEBUG processModel 647 0002e287-8d74-8000-23f0-014d98014d98 Processing reference: com.appiancorp.suiteapi.process.ProcessRoleMap@79d68736[
  Role[name=ADMIN_OWNER]
  Role[name=EDITOR]
  Role[name=EXPLICIT_NONMEMBER]
  Role[name=VIEWER]
  Role[name=MANAGER]
  Role[name=INITIATOR]
]
2019-07-22 12:46:55.307 DEBUG processModel 647 0002e287-8d74-8000-23f0-014d98014d98 Processing reference: Role[name=ADMIN_OWNER]
2019-07-22 12:46:55.307 DEBUG processModel 647 0002e287-8d74-8000-23f0-014d98014d98 Processing reference: Role[name=EDITOR]
2019-07-22 12:46:55.307 DEBUG processModel 647 0002e287-8d74-8000-23f0-014d98014d98 Processing reference: Role[name=EXPLICIT_NONMEMBER]
2019-07-22 12:46:55.307 DEBUG processModel 647 0002e287-8d74-8000-23f0-014d98014d98 Processing reference: Role[name=VIEWER]
2019-07-22 12:46:55.307 DEBUG processModel 647 0002e287-8d74-8000-23f0-014d98014d98 Processing reference: Role[name=MANAGER]
2019-07-22 12:46:55.307 DEBUG processModel 647 0002e287-8d74-8000-23f0-014d98014d98 Processing reference: Role[name=INITIATOR]
2019-07-22 12:46:55.311 DEBUG processModel 647 0002e287-8d74-8000-23f0-014d98014d98 Completing produce.
2019-07-22 12:46:55.311 DEBUG processModel 647 0002e287-8d74-8000-23f0-014d98014d98 Exporting binary resources.
2019-07-22 12:46:55.311 DEBUG processModel 647 0002e287-8d74-8000-23f0-014d98014d98 Serializing object to XML.
2019-07-22 12:46:55.318 DEBUG processModel 647 0002e287-8d74-8000-23f0-014d98014d98 Object transported.
2019-07-22 12:46:55.32 DEBUG site 7 76485dcd-ab19-4e15-a3e5-a04001b12bd1 Begin transport.
2019-07-22 12:46:55.32 DEBUG site 7 76485dcd-ab19-4e15-a3e5-a04001b12bd1 Retrieving object data.
2019-07-22 12:46:55.33 DEBUG site 7 76485dcd-ab19-4e15-a3e5-a04001b12bd1 Setting uuids of object references.
2019-07-22 12:46:55.33 DEBUG site 7 76485dcd-ab19-4e15-a3e5-a04001b12bd1 Processing reference: SiteTemplate.accentColorExpr
2019-07-22 12:46:55.33 DEBUG site 7 76485dcd-ab19-4e15-a3e5-a04001b12bd1 Processing reference: SiteTemplate.faviconExpr
2019-07-22 12:46:55.33 DEBUG site 7 76485dcd-ab19-4e15-a3e5-a04001b12bd1 Processing reference: SiteTemplate.faviconRef
2019-07-22 12:46:55.33 DEBUG site 7 76485dcd-ab19-4e15-a3e5-a04001b12bd1 Processing reference: SiteTemplate.headerBackgroundColorExpr
2019-07-22 12:46:55.33 DEBUG site 7 76485dcd-ab19-4e15-a3e5-a04001b12bd1 Processing reference: SiteTemplate.logoExpr
2019-07-22 12:46:55.33 DEBUG site 7 76485dcd-ab19-4e15-a3e5-a04001b12bd1 Processing reference: SiteTemplate.logoRef
2019-07-22 12:46:55.33 DEBUG site 7 76485dcd-ab19-4e15-a3e5-a04001b12bd1 Processing reference: SitePage.uiObject
2019-07-22 12:46:55.334 DEBUG site 7 76485dcd-ab19-4e15-a3e5-a04001b12bd1 Processing reference: SitePage.visibilityExpr
2019-07-22 12:46:55.334 DEBUG site 7 76485dcd-ab19-4e15-a3e5-a04001b12bd1 Processing reference: SiteTemplate.selectedTabBackgroundColorExpr
2019-07-22 12:46:55.334 DEBUG site 7 76485dcd-ab19-4e15-a3e5-a04001b12bd1 Processing reference: SiteTemplate.tempoLinkViewerRefsFromUuids
2019-07-22 12:46:55.334 DEBUG site 7 76485dcd-ab19-4e15-a3e5-a04001b12bd1 Completing produce.
2019-07-22 12:46:55.334 DEBUG site 7 76485dcd-ab19-4e15-a3e5-a04001b12bd1 Exporting binary resources.
2019-07-22 12:46:55.334 DEBUG site 7 76485dcd-ab19-4e15-a3e5-a04001b12bd1 Serializing object to XML.
2019-07-22 12:46:55.341 DEBUG site 7 76485dcd-ab19-4e15-a3e5-a04001b12bd1 Object transported.
2019-07-22 12:46:55.341 DEBUG application 6674 _a-0000e21d-e06a-8000-7d53-01ef9001ef90_48669 Completing produce.
2019-07-22 12:46:55.341 DEBUG application 6674 _a-0000e21d-e06a-8000-7d53-01ef9001ef90_48669 Exporting binary resources.
2019-07-22 12:46:55.341 DEBUG application 6674 _a-0000e21d-e06a-8000-7d53-01ef9001ef90_48669 Serializing object to XML.
2019-07-22 12:46:55.343 DEBUG application 6674 _a-0000e21d-e06a-8000-7d53-01ef9001ef90_48669 Object transported.
