Success (2):
content 7411 _a-0000e2cb-d2c4-8000-23f0-01ef9001ef90_45569 "PS_getUsername"
content 7414 _a-0000e2cb-d2c4-8000-23f0-01ef9001ef90_45468 "PS_GetEmployee"

Referenced precedents that were not exported (2):
user kiranj kiranj
content 7323 _a-0000e2cb-d2c4-8000-23f0-01ef9001ef90_44951

Trace:
2019-09-03 11:29:07.748 DEBUG content 7411 _a-0000e2cb-d2c4-8000-23f0-01ef9001ef90_45569 Begin transport.
2019-09-03 11:29:07.748 DEBUG content 7411 _a-0000e2cb-d2c4-8000-23f0-01ef9001ef90_45569 Retrieving object data.
2019-09-03 11:29:07.763 DEBUG content 7411 _a-0000e2cb-d2c4-8000-23f0-01ef9001ef90_45569 Setting uuids of object references.
2019-09-03 11:29:07.763 DEBUG content 7411 _a-0000e2cb-d2c4-8000-23f0-01ef9001ef90_45569 Processing reference: [Content:id=7411,versionId=-1,name=PS_getUsername,type=32,subtype=1,uuid=_a-0000e2cb-d2c4-8000-23f0-01ef9001ef90_45569,parent=7323]
2019-09-03 11:29:07.763 DEBUG content 7411 _a-0000e2cb-d2c4-8000-23f0-01ef9001ef90_45569 Processing reference: FreeformRule.forum
2019-09-03 11:29:07.764 DEBUG content 7411 _a-0000e2cb-d2c4-8000-23f0-01ef9001ef90_45569 Processing reference: FreeformRule.parent
2019-09-03 11:29:07.767 DEBUG content 7411 _a-0000e2cb-d2c4-8000-23f0-01ef9001ef90_45569 Processing reference: com.appiancorp.suiteapi.content.ContentRoleMap@1f25d26f[
  ContentRole[name=readers,inherit=true,allowForAll=false]
  ContentRole[name=authors,inherit=true,allowForAll=false]
  ContentRole[name=administrators,usernames=[kiranj],inherit=true,allowForAll=false]
  ContentRole[name=denyReaders,inherit=false,allowForAll=false]
  ContentRole[name=denyAuthors,inherit=false,allowForAll=false]
  ContentRole[name=denyAdministrators,inherit=false,allowForAll=false]
  securityVector=143:SEC_PUBLIC=true,SEC_CREATOR_ADMIN=true,SEC_INH_ADMIN=true,SEC_INH_EDITOR=true,SEC_INH_VIEWER=true,SEC_ALL_ADMIN=false,SEC_ALL_EDITOR=false,SEC_ALL_VIEWER=false
]
2019-09-03 11:29:07.767 DEBUG content 7411 _a-0000e2cb-d2c4-8000-23f0-01ef9001ef90_45569 Processing reference: ContentRole[name=readers,inherit=true,allowForAll=false]
2019-09-03 11:29:07.767 DEBUG content 7411 _a-0000e2cb-d2c4-8000-23f0-01ef9001ef90_45569 Processing reference: ContentRole[name=authors,inherit=true,allowForAll=false]
2019-09-03 11:29:07.767 DEBUG content 7411 _a-0000e2cb-d2c4-8000-23f0-01ef9001ef90_45569 Processing reference: ContentRole[name=administrators,usernames=[kiranj],inherit=true,allowForAll=false]
2019-09-03 11:29:07.769 DEBUG content 7411 _a-0000e2cb-d2c4-8000-23f0-01ef9001ef90_45569 Processing reference: ContentRole[name=denyReaders,inherit=false,allowForAll=false]
2019-09-03 11:29:07.769 DEBUG content 7411 _a-0000e2cb-d2c4-8000-23f0-01ef9001ef90_45569 Processing reference: ContentRole[name=denyAuthors,inherit=false,allowForAll=false]
2019-09-03 11:29:07.769 DEBUG content 7411 _a-0000e2cb-d2c4-8000-23f0-01ef9001ef90_45569 Processing reference: ContentRole[name=denyAdministrators,inherit=false,allowForAll=false]
2019-09-03 11:29:07.77 DEBUG content 7411 _a-0000e2cb-d2c4-8000-23f0-01ef9001ef90_45569 Completing produce.
2019-09-03 11:29:07.77 DEBUG content 7411 _a-0000e2cb-d2c4-8000-23f0-01ef9001ef90_45569 Exporting binary resources.
2019-09-03 11:29:07.77 DEBUG content 7411 _a-0000e2cb-d2c4-8000-23f0-01ef9001ef90_45569 Serializing object to XML.
2019-09-03 11:29:07.775 DEBUG content 7411 _a-0000e2cb-d2c4-8000-23f0-01ef9001ef90_45569 Object transported.
2019-09-03 11:29:07.775 DEBUG content 7414 _a-0000e2cb-d2c4-8000-23f0-01ef9001ef90_45468 Begin transport.
2019-09-03 11:29:07.775 DEBUG content 7414 _a-0000e2cb-d2c4-8000-23f0-01ef9001ef90_45468 Retrieving object data.
2019-09-03 11:29:07.791 DEBUG content 7414 _a-0000e2cb-d2c4-8000-23f0-01ef9001ef90_45468 Setting uuids of object references.
2019-09-03 11:29:07.791 DEBUG content 7414 _a-0000e2cb-d2c4-8000-23f0-01ef9001ef90_45468 Processing reference: [Content:id=7396,versionId=-1,name=PS_GetEmployee,type=32,subtype=1,uuid=_a-0000e2cb-d2c4-8000-23f0-01ef9001ef90_45468,parent=7323]
2019-09-03 11:29:07.791 DEBUG content 7414 _a-0000e2cb-d2c4-8000-23f0-01ef9001ef90_45468 Processing reference: FreeformRule.forum
2019-09-03 11:29:07.792 DEBUG content 7414 _a-0000e2cb-d2c4-8000-23f0-01ef9001ef90_45468 Processing reference: TypedVariable[name=fName,it=3,v=]
2019-09-03 11:29:07.792 DEBUG content 7414 _a-0000e2cb-d2c4-8000-23f0-01ef9001ef90_45468 Processing reference: TypedVariable[name=lName,it=3,v=]
2019-09-03 11:29:07.792 DEBUG content 7414 _a-0000e2cb-d2c4-8000-23f0-01ef9001ef90_45468 Processing reference: FreeformRule.parent
2019-09-03 11:29:07.795 DEBUG content 7414 _a-0000e2cb-d2c4-8000-23f0-01ef9001ef90_45468 Processing reference: com.appiancorp.suiteapi.content.ContentRoleMap@59b94f1a[
  ContentRole[name=readers,inherit=true,allowForAll=false]
  ContentRole[name=authors,inherit=true,allowForAll=false]
  ContentRole[name=administrators,inherit=true,allowForAll=false]
  ContentRole[name=denyReaders,inherit=false,allowForAll=false]
  ContentRole[name=denyAuthors,inherit=false,allowForAll=false]
  ContentRole[name=denyAdministrators,inherit=false,allowForAll=false]
  securityVector=15:SEC_PUBLIC=true,SEC_CREATOR_ADMIN=false,SEC_INH_ADMIN=true,SEC_INH_EDITOR=true,SEC_INH_VIEWER=true,SEC_ALL_ADMIN=false,SEC_ALL_EDITOR=false,SEC_ALL_VIEWER=false
]
2019-09-03 11:29:07.795 DEBUG content 7414 _a-0000e2cb-d2c4-8000-23f0-01ef9001ef90_45468 Processing reference: ContentRole[name=readers,inherit=true,allowForAll=false]
2019-09-03 11:29:07.795 DEBUG content 7414 _a-0000e2cb-d2c4-8000-23f0-01ef9001ef90_45468 Processing reference: ContentRole[name=authors,inherit=true,allowForAll=false]
2019-09-03 11:29:07.795 DEBUG content 7414 _a-0000e2cb-d2c4-8000-23f0-01ef9001ef90_45468 Processing reference: ContentRole[name=administrators,inherit=true,allowForAll=false]
2019-09-03 11:29:07.795 DEBUG content 7414 _a-0000e2cb-d2c4-8000-23f0-01ef9001ef90_45468 Processing reference: ContentRole[name=denyReaders,inherit=false,allowForAll=false]
2019-09-03 11:29:07.795 DEBUG content 7414 _a-0000e2cb-d2c4-8000-23f0-01ef9001ef90_45468 Processing reference: ContentRole[name=denyAuthors,inherit=false,allowForAll=false]
2019-09-03 11:29:07.795 DEBUG content 7414 _a-0000e2cb-d2c4-8000-23f0-01ef9001ef90_45468 Processing reference: ContentRole[name=denyAdministrators,inherit=false,allowForAll=false]
2019-09-03 11:29:07.796 DEBUG content 7414 _a-0000e2cb-d2c4-8000-23f0-01ef9001ef90_45468 Completing produce.
2019-09-03 11:29:07.796 DEBUG content 7414 _a-0000e2cb-d2c4-8000-23f0-01ef9001ef90_45468 Exporting binary resources.
2019-09-03 11:29:07.796 DEBUG content 7414 _a-0000e2cb-d2c4-8000-23f0-01ef9001ef90_45468 Serializing object to XML.
2019-09-03 11:29:07.804 DEBUG content 7414 _a-0000e2cb-d2c4-8000-23f0-01ef9001ef90_45468 Object transported.
