Success (5):
content 7323 _a-0000e2cb-d2c4-8000-23f0-01ef9001ef90_44951 "PS Rules and Constants"
content 7324 _a-0000e2cb-d2c4-8000-23f0-01ef9001ef90_44956 "PS_CONS1"
content 7325 _a-0000e2cb-d2c4-8000-23f0-01ef9001ef90_44962 "PS_CONS_2"
content 7326 _a-0000e2cb-d2c4-8000-23f0-01ef9001ef90_44968 "PS_CONS_3"
application 7322 _a-0000e2cb-d2c4-8000-23f0-01ef9001ef90_44946 "Payment Screening"

Trace:
2019-09-03 08:39:11.317 DEBUG application 7322 _a-0000e2cb-d2c4-8000-23f0-01ef9001ef90_44946 Begin transport.
2019-09-03 08:39:11.317 DEBUG application 7322 _a-0000e2cb-d2c4-8000-23f0-01ef9001ef90_44946 Retrieving object data.
2019-09-03 08:39:11.323 DEBUG application 7322 _a-0000e2cb-d2c4-8000-23f0-01ef9001ef90_44946 App associated objects: [content=[_a-0000e2cb-d2c4-8000-23f0-01ef9001ef90_44951, _a-0000e2cb-d2c4-8000-23f0-01ef9001ef90_44956, _a-0000e2cb-d2c4-8000-23f0-01ef9001ef90_44962, _a-0000e2cb-d2c4-8000-23f0-01ef9001ef90_44968]]
2019-09-03 08:39:11.324 DEBUG application 7322 _a-0000e2cb-d2c4-8000-23f0-01ef9001ef90_44946 Invalid associated objects: []
2019-09-03 08:39:11.324 DEBUG application 7322 _a-0000e2cb-d2c4-8000-23f0-01ef9001ef90_44946 Adding valid associated objects to be exported: GlobalBindingMap[content={_a-0000e2cb-d2c4-8000-23f0-01ef9001ef90_44951=7323, _a-0000e2cb-d2c4-8000-23f0-01ef9001ef90_44956=7324, _a-0000e2cb-d2c4-8000-23f0-01ef9001ef90_44962=7325, _a-0000e2cb-d2c4-8000-23f0-01ef9001ef90_44968=7326}]
2019-09-03 08:39:11.325 DEBUG application 7322 _a-0000e2cb-d2c4-8000-23f0-01ef9001ef90_44946 Setting uuids of object references.
2019-09-03 08:39:11.327 DEBUG application 7322 _a-0000e2cb-d2c4-8000-23f0-01ef9001ef90_44946 Processing reference: Application.forum
2019-09-03 08:39:11.328 DEBUG application 7322 _a-0000e2cb-d2c4-8000-23f0-01ef9001ef90_44946 Processing reference: Application.parent
2019-09-03 08:39:11.332 DEBUG application 7322 _a-0000e2cb-d2c4-8000-23f0-01ef9001ef90_44946 Processing reference: com.appiancorp.suiteapi.content.ContentRoleMap@472b0d5f[
  ContentRole[name=readers,inherit=false,allowForAll=false]
  ContentRole[name=authors,inherit=false,allowForAll=false]
  ContentRole[name=administrators,inherit=false,allowForAll=false]
  ContentRole[name=denyReaders,inherit=false,allowForAll=false]
  ContentRole[name=denyAuthors,inherit=false,allowForAll=false]
  ContentRole[name=denyAdministrators,inherit=false,allowForAll=false]
  securityVector=1:SEC_PUBLIC=true,SEC_CREATOR_ADMIN=false,SEC_INH_ADMIN=false,SEC_INH_EDITOR=false,SEC_INH_VIEWER=false,SEC_ALL_ADMIN=false,SEC_ALL_EDITOR=false,SEC_ALL_VIEWER=false
]
2019-09-03 08:39:11.332 DEBUG application 7322 _a-0000e2cb-d2c4-8000-23f0-01ef9001ef90_44946 Processing reference: ContentRole[name=readers,inherit=false,allowForAll=false]
2019-09-03 08:39:11.332 DEBUG application 7322 _a-0000e2cb-d2c4-8000-23f0-01ef9001ef90_44946 Processing reference: ContentRole[name=authors,inherit=false,allowForAll=false]
2019-09-03 08:39:11.332 DEBUG application 7322 _a-0000e2cb-d2c4-8000-23f0-01ef9001ef90_44946 Processing reference: ContentRole[name=administrators,inherit=false,allowForAll=false]
2019-09-03 08:39:11.332 DEBUG application 7322 _a-0000e2cb-d2c4-8000-23f0-01ef9001ef90_44946 Processing reference: ContentRole[name=denyReaders,inherit=false,allowForAll=false]
2019-09-03 08:39:11.332 DEBUG application 7322 _a-0000e2cb-d2c4-8000-23f0-01ef9001ef90_44946 Processing reference: ContentRole[name=denyAuthors,inherit=false,allowForAll=false]
2019-09-03 08:39:11.333 DEBUG application 7322 _a-0000e2cb-d2c4-8000-23f0-01ef9001ef90_44946 Processing reference: ContentRole[name=denyAdministrators,inherit=false,allowForAll=false]
2019-09-03 08:39:11.336 DEBUG content 7323 _a-0000e2cb-d2c4-8000-23f0-01ef9001ef90_44951 Begin transport.
2019-09-03 08:39:11.336 DEBUG content 7323 _a-0000e2cb-d2c4-8000-23f0-01ef9001ef90_44951 Retrieving object data.
2019-09-03 08:39:11.347 DEBUG content 7323 _a-0000e2cb-d2c4-8000-23f0-01ef9001ef90_44951 Setting uuids of object references.
2019-09-03 08:39:11.348 DEBUG content 7323 _a-0000e2cb-d2c4-8000-23f0-01ef9001ef90_44951 Processing reference: RulesFolder.forum
2019-09-03 08:39:11.348 DEBUG content 7323 _a-0000e2cb-d2c4-8000-23f0-01ef9001ef90_44951 Processing reference: RulesFolder.parent
2019-09-03 08:39:11.351 DEBUG content 7323 _a-0000e2cb-d2c4-8000-23f0-01ef9001ef90_44951 Processing reference: com.appiancorp.suiteapi.content.ContentRoleMap@6882294d[
  ContentRole[name=readers,inherit=false,allowForAll=false]
  ContentRole[name=authors,inherit=false,allowForAll=false]
  ContentRole[name=administrators,inherit=false,allowForAll=false]
  ContentRole[name=denyReaders,inherit=false,allowForAll=false]
  ContentRole[name=denyAuthors,inherit=false,allowForAll=false]
  ContentRole[name=denyAdministrators,inherit=false,allowForAll=false]
  securityVector=1:SEC_PUBLIC=true,SEC_CREATOR_ADMIN=false,SEC_INH_ADMIN=false,SEC_INH_EDITOR=false,SEC_INH_VIEWER=false,SEC_ALL_ADMIN=false,SEC_ALL_EDITOR=false,SEC_ALL_VIEWER=false
]
2019-09-03 08:39:11.351 DEBUG content 7323 _a-0000e2cb-d2c4-8000-23f0-01ef9001ef90_44951 Processing reference: ContentRole[name=readers,inherit=false,allowForAll=false]
2019-09-03 08:39:11.351 DEBUG content 7323 _a-0000e2cb-d2c4-8000-23f0-01ef9001ef90_44951 Processing reference: ContentRole[name=authors,inherit=false,allowForAll=false]
2019-09-03 08:39:11.351 DEBUG content 7323 _a-0000e2cb-d2c4-8000-23f0-01ef9001ef90_44951 Processing reference: ContentRole[name=administrators,inherit=false,allowForAll=false]
2019-09-03 08:39:11.351 DEBUG content 7323 _a-0000e2cb-d2c4-8000-23f0-01ef9001ef90_44951 Processing reference: ContentRole[name=denyReaders,inherit=false,allowForAll=false]
2019-09-03 08:39:11.351 DEBUG content 7323 _a-0000e2cb-d2c4-8000-23f0-01ef9001ef90_44951 Processing reference: ContentRole[name=denyAuthors,inherit=false,allowForAll=false]
2019-09-03 08:39:11.351 DEBUG content 7323 _a-0000e2cb-d2c4-8000-23f0-01ef9001ef90_44951 Processing reference: ContentRole[name=denyAdministrators,inherit=false,allowForAll=false]
2019-09-03 08:39:11.352 DEBUG content 7323 _a-0000e2cb-d2c4-8000-23f0-01ef9001ef90_44951 Completing produce.
2019-09-03 08:39:11.352 DEBUG content 7323 _a-0000e2cb-d2c4-8000-23f0-01ef9001ef90_44951 Exporting binary resources.
2019-09-03 08:39:11.352 DEBUG content 7323 _a-0000e2cb-d2c4-8000-23f0-01ef9001ef90_44951 Serializing object to XML.
2019-09-03 08:39:11.352 DEBUG content 7323 _a-0000e2cb-d2c4-8000-23f0-01ef9001ef90_44951 Object transported.
2019-09-03 08:39:11.352 DEBUG content 7324 _a-0000e2cb-d2c4-8000-23f0-01ef9001ef90_44956 Begin transport.
2019-09-03 08:39:11.352 DEBUG content 7324 _a-0000e2cb-d2c4-8000-23f0-01ef9001ef90_44956 Retrieving object data.
2019-09-03 08:39:11.362 DEBUG content 7324 _a-0000e2cb-d2c4-8000-23f0-01ef9001ef90_44956 Setting uuids of object references.
2019-09-03 08:39:11.363 DEBUG content 7324 _a-0000e2cb-d2c4-8000-23f0-01ef9001ef90_44956 Processing reference: [Content:id=7324,versionId=-1,name=PS_CONS1,type=32,subtype=0,uuid=_a-0000e2cb-d2c4-8000-23f0-01ef9001ef90_44956,parent=7323]
2019-09-03 08:39:11.363 DEBUG content 7324 _a-0000e2cb-d2c4-8000-23f0-01ef9001ef90_44956 Processing reference: Constant.forum
2019-09-03 08:39:11.364 DEBUG content 7324 _a-0000e2cb-d2c4-8000-23f0-01ef9001ef90_44956 Processing reference: Constant.parent
2019-09-03 08:39:11.368 DEBUG content 7324 _a-0000e2cb-d2c4-8000-23f0-01ef9001ef90_44956 Processing reference: com.appiancorp.suiteapi.content.ContentRoleMap@40cdf699[
  ContentRole[name=readers,inherit=true,allowForAll=false]
  ContentRole[name=authors,inherit=true,allowForAll=false]
  ContentRole[name=administrators,inherit=true,allowForAll=false]
  ContentRole[name=denyReaders,inherit=false,allowForAll=false]
  ContentRole[name=denyAuthors,inherit=false,allowForAll=false]
  ContentRole[name=denyAdministrators,inherit=false,allowForAll=false]
  securityVector=15:SEC_PUBLIC=true,SEC_CREATOR_ADMIN=false,SEC_INH_ADMIN=true,SEC_INH_EDITOR=true,SEC_INH_VIEWER=true,SEC_ALL_ADMIN=false,SEC_ALL_EDITOR=false,SEC_ALL_VIEWER=false
]
2019-09-03 08:39:11.368 DEBUG content 7324 _a-0000e2cb-d2c4-8000-23f0-01ef9001ef90_44956 Processing reference: ContentRole[name=readers,inherit=true,allowForAll=false]
2019-09-03 08:39:11.368 DEBUG content 7324 _a-0000e2cb-d2c4-8000-23f0-01ef9001ef90_44956 Processing reference: ContentRole[name=authors,inherit=true,allowForAll=false]
2019-09-03 08:39:11.368 DEBUG content 7324 _a-0000e2cb-d2c4-8000-23f0-01ef9001ef90_44956 Processing reference: ContentRole[name=administrators,inherit=true,allowForAll=false]
2019-09-03 08:39:11.368 DEBUG content 7324 _a-0000e2cb-d2c4-8000-23f0-01ef9001ef90_44956 Processing reference: ContentRole[name=denyReaders,inherit=false,allowForAll=false]
2019-09-03 08:39:11.368 DEBUG content 7324 _a-0000e2cb-d2c4-8000-23f0-01ef9001ef90_44956 Processing reference: ContentRole[name=denyAuthors,inherit=false,allowForAll=false]
2019-09-03 08:39:11.368 DEBUG content 7324 _a-0000e2cb-d2c4-8000-23f0-01ef9001ef90_44956 Processing reference: ContentRole[name=denyAdministrators,inherit=false,allowForAll=false]
2019-09-03 08:39:11.368 DEBUG content 7324 _a-0000e2cb-d2c4-8000-23f0-01ef9001ef90_44956 Completing produce.
2019-09-03 08:39:11.368 DEBUG content 7324 _a-0000e2cb-d2c4-8000-23f0-01ef9001ef90_44956 Exporting binary resources.
2019-09-03 08:39:11.368 DEBUG content 7324 _a-0000e2cb-d2c4-8000-23f0-01ef9001ef90_44956 Serializing object to XML.
2019-09-03 08:39:11.587 DEBUG content 7324 _a-0000e2cb-d2c4-8000-23f0-01ef9001ef90_44956 Object transported.
2019-09-03 08:39:11.587 DEBUG content 7325 _a-0000e2cb-d2c4-8000-23f0-01ef9001ef90_44962 Begin transport.
2019-09-03 08:39:11.587 DEBUG content 7325 _a-0000e2cb-d2c4-8000-23f0-01ef9001ef90_44962 Retrieving object data.
2019-09-03 08:39:11.599 DEBUG content 7325 _a-0000e2cb-d2c4-8000-23f0-01ef9001ef90_44962 Setting uuids of object references.
2019-09-03 08:39:11.599 DEBUG content 7325 _a-0000e2cb-d2c4-8000-23f0-01ef9001ef90_44962 Processing reference: [Content:id=7325,versionId=-1,name=PS_CONS_2,type=32,subtype=0,uuid=_a-0000e2cb-d2c4-8000-23f0-01ef9001ef90_44962,parent=7323]
2019-09-03 08:39:11.599 DEBUG content 7325 _a-0000e2cb-d2c4-8000-23f0-01ef9001ef90_44962 Processing reference: Constant.forum
2019-09-03 08:39:11.599 DEBUG content 7325 _a-0000e2cb-d2c4-8000-23f0-01ef9001ef90_44962 Processing reference: Constant.parent
2019-09-03 08:39:11.603 DEBUG content 7325 _a-0000e2cb-d2c4-8000-23f0-01ef9001ef90_44962 Processing reference: com.appiancorp.suiteapi.content.ContentRoleMap@58214911[
  ContentRole[name=readers,inherit=true,allowForAll=false]
  ContentRole[name=authors,inherit=true,allowForAll=false]
  ContentRole[name=administrators,inherit=true,allowForAll=false]
  ContentRole[name=denyReaders,inherit=false,allowForAll=false]
  ContentRole[name=denyAuthors,inherit=false,allowForAll=false]
  ContentRole[name=denyAdministrators,inherit=false,allowForAll=false]
  securityVector=15:SEC_PUBLIC=true,SEC_CREATOR_ADMIN=false,SEC_INH_ADMIN=true,SEC_INH_EDITOR=true,SEC_INH_VIEWER=true,SEC_ALL_ADMIN=false,SEC_ALL_EDITOR=false,SEC_ALL_VIEWER=false
]
2019-09-03 08:39:11.603 DEBUG content 7325 _a-0000e2cb-d2c4-8000-23f0-01ef9001ef90_44962 Processing reference: ContentRole[name=readers,inherit=true,allowForAll=false]
2019-09-03 08:39:11.603 DEBUG content 7325 _a-0000e2cb-d2c4-8000-23f0-01ef9001ef90_44962 Processing reference: ContentRole[name=authors,inherit=true,allowForAll=false]
2019-09-03 08:39:11.603 DEBUG content 7325 _a-0000e2cb-d2c4-8000-23f0-01ef9001ef90_44962 Processing reference: ContentRole[name=administrators,inherit=true,allowForAll=false]
2019-09-03 08:39:11.603 DEBUG content 7325 _a-0000e2cb-d2c4-8000-23f0-01ef9001ef90_44962 Processing reference: ContentRole[name=denyReaders,inherit=false,allowForAll=false]
2019-09-03 08:39:11.603 DEBUG content 7325 _a-0000e2cb-d2c4-8000-23f0-01ef9001ef90_44962 Processing reference: ContentRole[name=denyAuthors,inherit=false,allowForAll=false]
2019-09-03 08:39:11.603 DEBUG content 7325 _a-0000e2cb-d2c4-8000-23f0-01ef9001ef90_44962 Processing reference: ContentRole[name=denyAdministrators,inherit=false,allowForAll=false]
2019-09-03 08:39:11.603 DEBUG content 7325 _a-0000e2cb-d2c4-8000-23f0-01ef9001ef90_44962 Completing produce.
2019-09-03 08:39:11.603 DEBUG content 7325 _a-0000e2cb-d2c4-8000-23f0-01ef9001ef90_44962 Exporting binary resources.
2019-09-03 08:39:11.603 DEBUG content 7325 _a-0000e2cb-d2c4-8000-23f0-01ef9001ef90_44962 Serializing object to XML.
2019-09-03 08:39:11.607 DEBUG content 7325 _a-0000e2cb-d2c4-8000-23f0-01ef9001ef90_44962 Object transported.
2019-09-03 08:39:11.607 DEBUG content 7326 _a-0000e2cb-d2c4-8000-23f0-01ef9001ef90_44968 Begin transport.
2019-09-03 08:39:11.607 DEBUG content 7326 _a-0000e2cb-d2c4-8000-23f0-01ef9001ef90_44968 Retrieving object data.
2019-09-03 08:39:11.618 DEBUG content 7326 _a-0000e2cb-d2c4-8000-23f0-01ef9001ef90_44968 Setting uuids of object references.
2019-09-03 08:39:11.618 DEBUG content 7326 _a-0000e2cb-d2c4-8000-23f0-01ef9001ef90_44968 Processing reference: [Content:id=7326,versionId=-1,name=PS_CONS_3,type=32,subtype=0,uuid=_a-0000e2cb-d2c4-8000-23f0-01ef9001ef90_44968,parent=7323]
2019-09-03 08:39:11.618 DEBUG content 7326 _a-0000e2cb-d2c4-8000-23f0-01ef9001ef90_44968 Processing reference: Constant.forum
2019-09-03 08:39:11.619 DEBUG content 7326 _a-0000e2cb-d2c4-8000-23f0-01ef9001ef90_44968 Processing reference: Constant.parent
2019-09-03 08:39:11.622 DEBUG content 7326 _a-0000e2cb-d2c4-8000-23f0-01ef9001ef90_44968 Processing reference: com.appiancorp.suiteapi.content.ContentRoleMap@6198d67[
  ContentRole[name=readers,inherit=true,allowForAll=false]
  ContentRole[name=authors,inherit=true,allowForAll=false]
  ContentRole[name=administrators,inherit=true,allowForAll=false]
  ContentRole[name=denyReaders,inherit=false,allowForAll=false]
  ContentRole[name=denyAuthors,inherit=false,allowForAll=false]
  ContentRole[name=denyAdministrators,inherit=false,allowForAll=false]
  securityVector=15:SEC_PUBLIC=true,SEC_CREATOR_ADMIN=false,SEC_INH_ADMIN=true,SEC_INH_EDITOR=true,SEC_INH_VIEWER=true,SEC_ALL_ADMIN=false,SEC_ALL_EDITOR=false,SEC_ALL_VIEWER=false
]
2019-09-03 08:39:11.622 DEBUG content 7326 _a-0000e2cb-d2c4-8000-23f0-01ef9001ef90_44968 Processing reference: ContentRole[name=readers,inherit=true,allowForAll=false]
2019-09-03 08:39:11.622 DEBUG content 7326 _a-0000e2cb-d2c4-8000-23f0-01ef9001ef90_44968 Processing reference: ContentRole[name=authors,inherit=true,allowForAll=false]
2019-09-03 08:39:11.622 DEBUG content 7326 _a-0000e2cb-d2c4-8000-23f0-01ef9001ef90_44968 Processing reference: ContentRole[name=administrators,inherit=true,allowForAll=false]
2019-09-03 08:39:11.622 DEBUG content 7326 _a-0000e2cb-d2c4-8000-23f0-01ef9001ef90_44968 Processing reference: ContentRole[name=denyReaders,inherit=false,allowForAll=false]
2019-09-03 08:39:11.622 DEBUG content 7326 _a-0000e2cb-d2c4-8000-23f0-01ef9001ef90_44968 Processing reference: ContentRole[name=denyAuthors,inherit=false,allowForAll=false]
2019-09-03 08:39:11.622 DEBUG content 7326 _a-0000e2cb-d2c4-8000-23f0-01ef9001ef90_44968 Processing reference: ContentRole[name=denyAdministrators,inherit=false,allowForAll=false]
2019-09-03 08:39:11.622 DEBUG content 7326 _a-0000e2cb-d2c4-8000-23f0-01ef9001ef90_44968 Completing produce.
2019-09-03 08:39:11.622 DEBUG content 7326 _a-0000e2cb-d2c4-8000-23f0-01ef9001ef90_44968 Exporting binary resources.
2019-09-03 08:39:11.622 DEBUG content 7326 _a-0000e2cb-d2c4-8000-23f0-01ef9001ef90_44968 Serializing object to XML.
2019-09-03 08:39:11.626 DEBUG content 7326 _a-0000e2cb-d2c4-8000-23f0-01ef9001ef90_44968 Object transported.
2019-09-03 08:39:11.626 DEBUG application 7322 _a-0000e2cb-d2c4-8000-23f0-01ef9001ef90_44946 Completing produce.
2019-09-03 08:39:11.626 DEBUG application 7322 _a-0000e2cb-d2c4-8000-23f0-01ef9001ef90_44946 Exporting binary resources.
2019-09-03 08:39:11.626 DEBUG application 7322 _a-0000e2cb-d2c4-8000-23f0-01ef9001ef90_44946 Serializing object to XML.
2019-09-03 08:39:11.627 DEBUG application 7322 _a-0000e2cb-d2c4-8000-23f0-01ef9001ef90_44946 Object transported.
